<?xml version="1.0" encoding="UTF-8"?>
<!-- Generated by org.testng.reporters.JUnitReportReporter -->
<testsuite hostname="Archanas-MacBook-Air.local" failures="0" tests="3" name="tests.PutPatchDeleteExample" time="7.182" errors="0" timestamp="2021-03-18T20:58:00 IST" skipped="0">
  <testcase classname="tests.PutPatchDeleteExample" name="Delete" time="5.252"/>
  <system-out/>
  <testcase classname="tests.PutPatchDeleteExample" name="testPatch" time="1.060"/>
  <system-out/>
  <testcase classname="tests.PutPatchDeleteExample" name="testPut" time="0.870"/>
  <system-out/>
</testsuite> <!-- tests.PutPatchDeleteExample -->
