<?xml version="1.0" encoding="UTF-8"?>
<!-- Generated by org.testng.reporters.JUnitReportReporter -->
<testsuite hostname="Archanas-MacBook-Air.local" failures="0" tests="1" name="tests.TestAPILocal" time="2.432" errors="0" timestamp="2021-03-18T23:43:13 IST" skipped="0">
  <testcase classname="tests.TestAPILocal" name="testDelete" time="2.432"/>
  <system-out/>
</testsuite> <!-- tests.TestAPILocal -->
