<?xml version="1.0" encoding="UTF-8"?>
<!-- Generated by org.testng.reporters.JUnitReportReporter -->
<testsuite hostname="Archanas-MacBook-Air.local" failures="0" tests="3" name="tests.TestExamples" time="6.155" errors="0" timestamp="2021-03-18T17:49:11 IST" skipped="0">
  <testcase classname="tests.TestExamples" name="test_1" time="4.130"/>
  <system-out/>
  <testcase classname="tests.TestExamples" name="test_2" time="1.649"/>
  <system-out/>
  <testcase classname="tests.TestExamples" name="test_3" time="0.376"/>
  <system-out/>
</testsuite> <!-- tests.TestExamples -->
