<?xml version="1.0" encoding="UTF-8"?>
<!-- Generated by org.testng.reporters.JUnitReportReporter -->
<testsuite hostname="Archanas-MacBook-Air.local" failures="0" tests="1" name="tests.GetAndPostExamples" time="6.324" errors="0" timestamp="2021-03-18T20:30:23 IST" skipped="0">
  <testcase classname="tests.GetAndPostExamples" name="testPost" time="6.324"/>
  <system-out/>
</testsuite> <!-- tests.GetAndPostExamples -->
