<?xml version="1.0" encoding="UTF-8"?>
<!-- Generated by org.testng.reporters.JUnitReportReporter -->
<testsuite hostname="Archanas-MacBook-Air.local" failures="0" tests="1" name="tests.weathertest" time="5.249" errors="0" timestamp="2021-03-18T19:21:27 IST" skipped="0">
  <testcase classname="tests.weathertest" name="test_1" time="5.249"/>
  <system-out/>
</testsuite> <!-- tests.weathertest -->
